Flow report for defenders
Mon Dec 03 00:06:23 2012
Quartus II 32-bit Version 11.1 Build 173 11/01/2011 SJ Web Edition


---------------------
; Table of Contents ;
---------------------
  1. Legal Notice
  2. Flow Summary
  3. Flow Settings
  4. Flow Non-Default Global Settings
  5. Flow Elapsed Time
  6. Flow OS Summary
  7. Flow Log



----------------
; Legal Notice ;
----------------
Copyright (C) 1991-2011 Altera Corporation
Your use of Altera Corporation's design tools, logic functions 
and other software and tools, and its AMPP partner logic 
functions, and any output files from any of the foregoing 
(including device programming or simulation files), and any 
associated documentation or information are expressly subject 
to the terms and conditions of the Altera Program License 
Subscription Agreement, Altera MegaCore Function License 
Agreement, or other applicable license agreement, including, 
without limitation, that your use is for the sole purpose of 
programming logic devices manufactured by Altera and sold by 
Altera or its authorized distributors.  Please refer to the 
applicable agreement for further details.



+-------------------------------------------------------------------------------+
; Flow Summary                                                                  ;
+------------------------------------+------------------------------------------+
; Flow Status                        ; Successful - Mon Dec 03 00:06:23 2012    ;
; Quartus II 32-bit Version          ; 11.1 Build 173 11/01/2011 SJ Web Edition ;
; Revision Name                      ; defenders                                ;
; Top-level Entity Name              ; defenders                                ;
; Family                             ; Cyclone II                               ;
; Device                             ; EP2C35F672C6                             ;
; Timing Models                      ; Final                                    ;
; Total logic elements               ; 13,274 / 33,216 ( 40 % )                 ;
;     Total combinational functions  ; 12,945 / 33,216 ( 39 % )                 ;
;     Dedicated logic registers      ; 6,033 / 33,216 ( 18 % )                  ;
; Total registers                    ; 6033                                     ;
; Total pins                         ; 140 / 475 ( 29 % )                       ;
; Total virtual pins                 ; 0                                        ;
; Total memory bits                  ; 357,120 / 483,840 ( 74 % )               ;
; Embedded Multiplier 9-bit elements ; 0 / 70 ( 0 % )                           ;
; Total PLLs                         ; 1 / 4 ( 25 % )                           ;
+------------------------------------+------------------------------------------+


+-----------------------------------------+
; Flow Settings                           ;
+-------------------+---------------------+
; Option            ; Setting             ;
+-------------------+---------------------+
; Start date & time ; 12/02/2012 23:58:40 ;
; Main task         ; Compilation         ;
; Revision Name     ; defenders           ;
+-------------------+---------------------+


+----------------------------------------------------------------------------------------------------------------------------+
; Flow Non-Default Global Settings                                                                                           ;
+-------------------------------------+---------------------------------------+---------------+-------------+----------------+
; Assignment Name                     ; Value                                 ; Default Value ; Entity Name ; Section Id     ;
+-------------------------------------+---------------------------------------+---------------+-------------+----------------+
; COMPILER_SIGNATURE_ID               ; 229658790105311.135451071802020       ; --            ; --          ; --             ;
; EDA_OUTPUT_DATA_FORMAT              ; Vhdl                                  ; --            ; --          ; eda_simulation ;
; EDA_SIMULATION_TOOL                 ; ModelSim-Altera (VHDL)                ; <None>        ; --          ; --             ;
; IP_TOOL_NAME                        ; ROM: 1-PORT                           ; --            ; --          ; --             ;
; IP_TOOL_NAME                        ; ROM: 1-PORT                           ; --            ; --          ; --             ;
; IP_TOOL_NAME                        ; ROM: 1-PORT                           ; --            ; --          ; --             ;
; IP_TOOL_NAME                        ; ROM: 1-PORT                           ; --            ; --          ; --             ;
; IP_TOOL_NAME                        ; ROM: 1-PORT                           ; --            ; --          ; --             ;
; IP_TOOL_NAME                        ; ROM: 1-PORT                           ; --            ; --          ; --             ;
; IP_TOOL_NAME                        ; ROM: 1-PORT                           ; --            ; --          ; --             ;
; IP_TOOL_VERSION                     ; 11.1                                  ; --            ; --          ; --             ;
; IP_TOOL_VERSION                     ; 11.1                                  ; --            ; --          ; --             ;
; IP_TOOL_VERSION                     ; 11.1                                  ; --            ; --          ; --             ;
; IP_TOOL_VERSION                     ; 11.1                                  ; --            ; --          ; --             ;
; IP_TOOL_VERSION                     ; 11.1                                  ; --            ; --          ; --             ;
; IP_TOOL_VERSION                     ; 11.1                                  ; --            ; --          ; --             ;
; IP_TOOL_VERSION                     ; 11.1                                  ; --            ; --          ; --             ;
; MAX_CORE_JUNCTION_TEMP              ; 85                                    ; --            ; --          ; --             ;
; MIN_CORE_JUNCTION_TEMP              ; 0                                     ; --            ; --          ; --             ;
; MISC_FILE                           ; catROMS_inst.v                        ; --            ; --          ; --             ;
; MISC_FILE                           ; catROMS_bb.v                          ; --            ; --          ; --             ;
; MISC_FILE                           ; backgroundROMS_inst.v                 ; --            ; --          ; --             ;
; MISC_FILE                           ; backgroundROMS_bb.v                   ; --            ; --          ; --             ;
; MISC_FILE                           ; invaderROMS_inst.v                    ; --            ; --          ; --             ;
; MISC_FILE                           ; invaderROMS_bb.v                      ; --            ; --          ; --             ;
; MISC_FILE                           ; dead_invaderROMS_bb.v                 ; --            ; --          ; --             ;
; MISC_FILE                           ; happy_invaderROMS_inst.v              ; --            ; --          ; --             ;
; MISC_FILE                           ; happy_invaderROMS_bb.v                ; --            ; --          ; --             ;
; MISC_FILE                           ; gameoverROM_inst.v                    ; --            ; --          ; --             ;
; MISC_FILE                           ; gameoverROM_bb.v                      ; --            ; --          ; --             ;
; MISC_FILE                           ; winnerROM_bb.v                        ; --            ; --          ; --             ;
; PARTITION_COLOR                     ; 16764057                              ; --            ; --          ; Top            ;
; PARTITION_FITTER_PRESERVATION_LEVEL ; PLACEMENT_AND_ROUTING                 ; --            ; --          ; Top            ;
; PARTITION_NETLIST_TYPE              ; SOURCE                                ; --            ; --          ; Top            ;
; POWER_BOARD_THERMAL_MODEL           ; None (CONSERVATIVE)                   ; --            ; --          ; --             ;
; POWER_PRESET_COOLING_SOLUTION       ; 23 MM HEAT SINK WITH 200 LFPM AIRFLOW ; --            ; --          ; --             ;
+-------------------------------------+---------------------------------------+---------------+-------------+----------------+


+-------------------------------------------------------------------------------------------------------------------------------+
; Flow Elapsed Time                                                                                                             ;
+---------------------------+--------------+-------------------------+---------------------+------------------------------------+
; Module Name               ; Elapsed Time ; Average Processors Used ; Peak Virtual Memory ; Total CPU Time (on all processors) ;
+---------------------------+--------------+-------------------------+---------------------+------------------------------------+
; Analysis & Synthesis      ; 00:04:01     ; 1.0                     ; 371 MB              ; 00:04:00                           ;
; Fitter                    ; 00:02:11     ; 1.0                     ; 532 MB              ; 00:02:08                           ;
; Assembler                 ; 00:00:11     ; 1.0                     ; 357 MB              ; 00:00:10                           ;
; TimeQuest Timing Analyzer ; 00:00:38     ; 1.0                     ; 398 MB              ; 00:00:36                           ;
; EDA Netlist Writer        ; 00:00:33     ; 1.0                     ; 384 MB              ; 00:00:30                           ;
; Total                     ; 00:07:34     ; --                      ; --                  ; 00:07:24                           ;
+---------------------------+--------------+-------------------------+---------------------+------------------------------------+


+----------------------------------------------------------------------------------------+
; Flow OS Summary                                                                        ;
+---------------------------+------------------+-----------+------------+----------------+
; Module Name               ; Machine Hostname ; OS Name   ; OS Version ; Processor type ;
+---------------------------+------------------+-----------+------------+----------------+
; Analysis & Synthesis      ; Buster-THINK     ; Windows 7 ; 6.1        ; x86_64         ;
; Fitter                    ; Buster-THINK     ; Windows 7 ; 6.1        ; x86_64         ;
; Assembler                 ; Buster-THINK     ; Windows 7 ; 6.1        ; x86_64         ;
; TimeQuest Timing Analyzer ; Buster-THINK     ; Windows 7 ; 6.1        ; x86_64         ;
; EDA Netlist Writer        ; Buster-THINK     ; Windows 7 ; 6.1        ; x86_64         ;
+---------------------------+------------------+-----------+------------+----------------+


------------
; Flow Log ;
------------
quartus_map --read_settings_files=on --write_settings_files=off defenders -c defenders
quartus_fit --read_settings_files=off --write_settings_files=off defenders -c defenders
quartus_asm --read_settings_files=off --write_settings_files=off defenders -c defenders
quartus_sta defenders -c defenders
quartus_eda --read_settings_files=off --write_settings_files=off defenders -c defenders



